<?xml version="1.0" encoding="UTF-8"?>
<testsuite name="Scenario__login_successful" tests="6" skipped="0" failures="0" errors="0" timestamp="2022-03-22T18:21:39" hostname="DIOGO-DESKTOP" time="0.003">
  <properties/>
  <testcase name="Given_User_is_on_home_page" classname="Scenario__login_successful" time="0.001"/>
  <testcase name="When_User_click_on_login_link" classname="Scenario__login_successful" time="0.0"/>
  <testcase name="And_User_insert_your_email_and_your_password" classname="Scenario__login_successful" time="0.0"/>
  <testcase name="And_User_click_in_signIn_button" classname="Scenario__login_successful" time="0.0"/>
  <testcase name="Then_User_is_will_logged" classname="Scenario__login_successful" time="0.0"/>
  <testcase name="classMethod" classname="Scenario__login_successful" time="0.089"/>
  <system-out><![CDATA[on home page
]]></system-out>
  <system-err><![CDATA[]]></system-err>
</testsuite>
