<?xml version="1.0" encoding="UTF-8"?>
<testsuite name="| email2 | pwd2 |" tests="6" skipped="0" failures="0" errors="0" timestamp="2022-03-20T16:29:02" hostname="DIOGO-DESKTOP" time="0.013">
  <properties/>
  <testcase name="Given User is on home page" classname="| email2 | pwd2 |" time="0.0"/>
  <testcase name="When User click on login link" classname="| email2 | pwd2 |" time="0.001"/>
  <testcase name="And User insert your email2 and your pwd2" classname="| email2 | pwd2 |" time="0.0"/>
  <testcase name="And User click in signIn button" classname="| email2 | pwd2 |" time="0.001"/>
  <testcase name="Then User is will logged" classname="| email2 | pwd2 |" time="0.0"/>
  <testcase name="classMethod" classname="| email2 | pwd2 |" time="0.025"/>
  <system-out><![CDATA[
  Scenario Outline: login successful          # Login.feature:19
    Given User is on home page                # Login.user_is_on_home_page()
    When User click on login link             # Login.user_click_on_login_link()
    And User insert your email1 and your pwd1 # Login.user_insert_your_email_and_your_pwd(int,int)
    And User click in signIn button           # Login.user_click_in_signIn_button()
    Then User is will logged                  # Login.user_is_will_logged()
on home page
]]></system-out>
  <system-err><![CDATA[]]></system-err>
</testsuite>
