<?xml version="1.0" encoding="UTF-8"?>
<testsuite name="__diogotestselenium_gmail_com_____" tests="6" skipped="0" failures="0" errors="0" timestamp="2022-03-22T20:14:30" hostname="DIOGO-DESKTOP" time="9.12">
  <properties/>
  <testcase name="Given_browser_is_open" classname="__diogotestselenium_gmail_com_____" time="0.0"/>
  <testcase name="And_user_is_in_login_page" classname="__diogotestselenium_gmail_com_____" time="0.0"/>
  <testcase name="When_user_enters_with_diogotestselenium_gmail_com_and_" classname="__diogotestselenium_gmail_com_____" time="0.0"/>
  <testcase name="And_user_click_on_login_button" classname="__diogotestselenium_gmail_com_____" time="0.0"/>
  <testcase name="Then_user_is_not_logged" classname="__diogotestselenium_gmail_com_____" time="0.0"/>
  <testcase name="classMethod" classname="__diogotestselenium_gmail_com_____" time="9.121"/>
  <system-out><![CDATA[Open the Chrome
]]></system-out>
  <system-err><![CDATA[]]></system-err>
</testsuite>
