<?xml version="1.0" encoding="UTF-8"?>
<testsuite name="__diogotest_gmail_com___12345678__" tests="6" skipped="0" failures="0" errors="0" timestamp="2022-03-22T18:21:52" hostname="DIOGO-DESKTOP" time="7.594">
  <properties/>
  <testcase name="Given_browser_is_open" classname="__diogotest_gmail_com___12345678__" time="0.0"/>
  <testcase name="And_user_is_in_login_page" classname="__diogotest_gmail_com___12345678__" time="0.0"/>
  <testcase name="When_user_enters_with_diogotest_gmail_com_and_12345678" classname="__diogotest_gmail_com___12345678__" time="0.0"/>
  <testcase name="And_user_click_on_login_button" classname="__diogotest_gmail_com___12345678__" time="0.0"/>
  <testcase name="Then_user_is_logged" classname="__diogotest_gmail_com___12345678__" time="0.0"/>
  <testcase name="classMethod" classname="__diogotest_gmail_com___12345678__" time="8.958"/>
  <system-out><![CDATA[Abriu o chrome
]]></system-out>
  <system-err><![CDATA[Starting ChromeDriver 99.0.4844.51 (d537ec02474b5afe23684e7963d538896c63ac77-refs/branch-heads/4844@{#875}) on port 13749
Only local connections are allowed.
Please see https://chromedriver.chromium.org/security-considerations for suggestions on keeping ChromeDriver safe.
ChromeDriver was started successfully.
Mar 22, 2022 3:21:52 PM org.openqa.selenium.remote.ProtocolHandshake createSession
INFO: Detected dialect: W3C
]]></system-err>
</testsuite>
