<?xml version="1.0" encoding="UTF-8"?>
<testsuite name="steps.TestRunner" tests="0" skipped="0" failures="0" errors="0" timestamp="1970-01-01T00:00:00" hostname="DIOGO-DESKTOP" time="0.0">
  <properties/>
  <system-out><![CDATA[Feature: Google search functionality

  Scenario: Making a search           # GoogleSearch.feature:2
    Given browser is opened           # GoogleSearch.browser_is_opened()
    When user is on home page         # GoogleSearch.user_is_on_home_page()
    And user type a txt in search box # GoogleSearch.user_type_a_txt_in_search_box()
    And tap in enter                  # GoogleSearch.tap_in_enter()
    Then user get your search results # GoogleSearch.user_get_your_search_results()
Feature: Login verifications
click on login
enters email and pwd
click on signin button
user is logged

  Scenario: login successful                     # Login.feature:3
    Given User is on home page                   # Login.user_is_on_home_page()
    When User click on login link                # Login.user_click_on_login_link()
    And User insert your email and your password # Login.user_insert_your_email_and_your_password()
    And User click in signIn button              # Login.user_click_in_signIn_button()
    Then User is will logged                     # Login.user_is_will_logged()

  Scenario Outline: login successful                 # Login.feature:10
    Given User is on home page
    When User click on login link
    And User insert your <email> and your <password>
    And User click in signIn button
    Then User is will logged

    Examples: 
click on login

click on signin button
user is logged
click on login

click on signin button
user is logged

  Scenario Outline: login successful          # Login.feature:20
    Given User is on home page                # Login.user_is_on_home_page()
    When User click on login link             # Login.user_click_on_login_link()
    And User insert your email2 and your pwd2 # Login.user_insert_your_email_and_your_pwd(int,int)
    And User click in signIn button           # Login.user_click_in_signIn_button()
    Then User is will logged                  # Login.user_is_will_logged()

4 Scenarios (4 passed)
20 Steps (20 passed)
0m0.113s

]]></system-out>
  <system-err><![CDATA[]]></system-err>
</testsuite>
