<?xml version="1.0" encoding="UTF-8"?>
<testsuite name="steps.TestRunner" tests="0" skipped="0" failures="0" errors="0" timestamp="1970-01-01T00:00:00" hostname="DIOGO-DESKTOP" time="0.0">
  <properties/>
  <system-out><![CDATA[click on login
enters email and pwd
click on signin button
user is logged
click on login
2
click on signin button
user is logged
click on login
4
click on signin button
user is logged
user is in login page
email: diogotestselenium@gmail.compassword: selenium12345
Clicou no btn login
User logged
user is in login page
email: diogotest@gmail.compassword: 12345678
Clicou no btn login
User logged

5 Scenarios (5 passed)
25 Steps (25 passed)
0m20.861s

]]></system-out>
  <system-err><![CDATA[]]></system-err>
</testsuite>
