<?xml version="1.0" encoding="UTF-8"?>
<testsuite name="__email1___pwd1__" tests="6" skipped="0" failures="0" errors="0" timestamp="2022-03-22T19:04:49" hostname="DIOGO-DESKTOP" time="0.004">
  <properties/>
  <testcase name="Given_User_is_on_home_page" classname="__email1___pwd1__" time="0.0"/>
  <testcase name="When_User_click_on_login_link" classname="__email1___pwd1__" time="0.0"/>
  <testcase name="And_User_insert_your_email1_and_your_pwd1" classname="__email1___pwd1__" time="0.0"/>
  <testcase name="And_User_click_in_signIn_button" classname="__email1___pwd1__" time="0.0"/>
  <testcase name="Then_User_is_will_logged" classname="__email1___pwd1__" time="0.0"/>
  <testcase name="classMethod" classname="__email1___pwd1__" time="0.004"/>
  <system-out><![CDATA[on home page
]]></system-out>
  <system-err><![CDATA[]]></system-err>
</testsuite>
