<?xml version="1.0" encoding="UTF-8"?>
<testsuite name="__diogotestselenium_gmail_com___selenium12345__" tests="6" skipped="0" failures="0" errors="0" timestamp="2022-03-22T20:13:56" hostname="DIOGO-DESKTOP" time="9.653">
  <properties/>
  <testcase name="Given_browser_is_open" classname="__diogotestselenium_gmail_com___selenium12345__" time="0.001"/>
  <testcase name="And_user_is_in_login_page" classname="__diogotestselenium_gmail_com___selenium12345__" time="0.0"/>
  <testcase name="When_user_enters_with_diogotestselenium_gmail_com_and_selenium12345" classname="__diogotestselenium_gmail_com___selenium12345__" time="0.0"/>
  <testcase name="And_user_click_on_login_button" classname="__diogotestselenium_gmail_com___selenium12345__" time="0.0"/>
  <testcase name="Then_user_is_logged" classname="__diogotestselenium_gmail_com___selenium12345__" time="0.0"/>
  <testcase name="classMethod" classname="__diogotestselenium_gmail_com___selenium12345__" time="9.914"/>
  <system-out><![CDATA[Open the Chrome
]]></system-out>
  <system-err><![CDATA[]]></system-err>
</testsuite>
