<?xml version="1.0" encoding="UTF-8"?>
<testsuite name="__diogotest_gmail_com___12345678__" tests="6" skipped="0" failures="0" errors="0" timestamp="2022-03-22T19:48:28" hostname="DIOGO-DESKTOP" time="12.977">
  <properties/>
  <testcase name="Given_browser_is_open" classname="__diogotest_gmail_com___12345678__" time="0.001"/>
  <testcase name="And_user_is_in_login_page" classname="__diogotest_gmail_com___12345678__" time="0.0"/>
  <testcase name="When_user_enters_with_diogotest_gmail_com_and_12345678" classname="__diogotest_gmail_com___12345678__" time="0.0"/>
  <testcase name="And_user_click_on_login_button" classname="__diogotest_gmail_com___12345678__" time="0.0"/>
  <testcase name="Then_user_is_logged" classname="__diogotest_gmail_com___12345678__" time="0.0"/>
  <testcase name="classMethod" classname="__diogotest_gmail_com___12345678__" time="12.978"/>
  <system-out><![CDATA[Open the Chrome
]]></system-out>
  <system-err><![CDATA[]]></system-err>
</testsuite>
