<?xml version="1.0" encoding="UTF-8"?>
<testsuite name="Scenario: login successful" tests="6" skipped="0" failures="0" errors="0" timestamp="2022-03-20T16:06:38" hostname="DIOGO-DESKTOP" time="0.017">
  <properties/>
  <testcase name="Given User is on home page" classname="Scenario: login successful" time="0.0"/>
  <testcase name="When User click on login link" classname="Scenario: login successful" time="0.001"/>
  <testcase name="And User insert your email and your password" classname="Scenario: login successful" time="0.0"/>
  <testcase name="And User click in signIn button" classname="Scenario: login successful" time="0.0"/>
  <testcase name="Then User is will logged" classname="Scenario: login successful" time="0.0"/>
  <testcase name="classMethod" classname="Scenario: login successful" time="0.027"/>
  <system-out><![CDATA[on home page
]]></system-out>
  <system-err><![CDATA[]]></system-err>
</testsuite>
