<?xml version="1.0" encoding="UTF-8"?>
<testsuite name="__emailnaocadastrado_gmail_com___54587855__" tests="6" skipped="0" failures="0" errors="0" timestamp="2022-03-22T19:48:41" hostname="DIOGO-DESKTOP" time="9.45">
  <properties/>
  <testcase name="Given_browser_is_open" classname="__emailnaocadastrado_gmail_com___54587855__" time="0.0"/>
  <testcase name="And_user_is_in_login_page" classname="__emailnaocadastrado_gmail_com___54587855__" time="0.0"/>
  <testcase name="When_user_enters_with_emailnaocadastrado_gmail_com_and_54587855" classname="__emailnaocadastrado_gmail_com___54587855__" time="0.001"/>
  <testcase name="And_user_click_on_login_button" classname="__emailnaocadastrado_gmail_com___54587855__" time="0.001"/>
  <testcase name="Then_user_is_not_logged" classname="__emailnaocadastrado_gmail_com___54587855__" time="0.0"/>
  <testcase name="classMethod" classname="__emailnaocadastrado_gmail_com___54587855__" time="9.451"/>
  <system-out><![CDATA[Open the Chrome
]]></system-out>
  <system-err><![CDATA[]]></system-err>
</testsuite>
