<?xml version="1.0" encoding="UTF-8"?>
<testsuite name="Scenario: Making a search" tests="6" skipped="0" failures="0" errors="0" timestamp="2022-03-20T14:54:26" hostname="DIOGO-DESKTOP" time="0.004">
  <properties/>
  <testcase name="Given browser is opened" classname="Scenario: Making a search" time="0.0"/>
  <testcase name="When user is on home page" classname="Scenario: Making a search" time="0.001"/>
  <testcase name="And user type a txt in search box" classname="Scenario: Making a search" time="0.0"/>
  <testcase name="And tap in enter" classname="Scenario: Making a search" time="0.0"/>
  <testcase name="Then user get your search results" classname="Scenario: Making a search" time="0.0"/>
  <testcase name="classMethod" classname="Scenario: Making a search" time="0.118"/>
  <system-out><![CDATA[]]></system-out>
  <system-err><![CDATA[]]></system-err>
</testsuite>
